[2025-12-14T09:58:21.497Z] info  code-server 4.106.3 f128a7ac113916c9c29cf8d1361ab4b7f3bd9e75
[2025-12-14T09:58:21.498Z] info  Using user-data-dir /home/dawn/.local/share/code-server
[2025-12-14T09:58:21.506Z] info  Using config file /home/dawn/.config/code-server/config.yaml
[2025-12-14T09:58:21.506Z] info  HTTP server listening on http://127.0.0.1:8080/
[2025-12-14T09:58:21.506Z] info    - Authentication is enabled
[2025-12-14T09:58:21.506Z] info      - Using password from $PASSWORD
[2025-12-14T09:58:21.506Z] info    - Not serving HTTPS
[2025-12-14T09:58:21.506Z] info  Session server listening on /home/dawn/.local/share/code-server/code-server-ipc.sock
[2026-01-02T11:47:21.709Z] info  code-server 4.106.3 f128a7ac113916c9c29cf8d1361ab4b7f3bd9e75
[2026-01-02T11:47:21.713Z] info  Using user-data-dir /home/dawn/.local/share/code-server
[2026-01-02T11:47:21.722Z] info  Using config file /home/dawn/.config/code-server/config.yaml
[2026-01-02T11:47:21.722Z] info  HTTP server listening on http://127.0.0.1:8080/
[2026-01-02T11:47:21.722Z] info    - Authentication is enabled
[2026-01-02T11:47:21.722Z] info      - Using password from $PASSWORD
[2026-01-02T11:47:21.722Z] info    - Not serving HTTPS
[2026-01-02T11:47:21.722Z] info  Session server listening on /home/dawn/.local/share/code-server/code-server-ipc.sock
[2026-01-02T11:56:22.388Z] info  code-server 4.106.3 f128a7ac113916c9c29cf8d1361ab4b7f3bd9e75
[2026-01-02T11:56:22.389Z] info  Using user-data-dir /home/dawn/.local/share/code-server
[2026-01-02T11:56:22.396Z] info  Using config file /home/dawn/.config/code-server/config.yaml
[2026-01-02T11:56:22.396Z] info  HTTP server listening on http://127.0.0.1:8080/
[2026-01-02T11:56:22.396Z] info    - Authentication is enabled
[2026-01-02T11:56:22.396Z] info      - Using password from $PASSWORD
[2026-01-02T11:56:22.396Z] info    - Not serving HTTPS
[2026-01-02T11:56:22.396Z] info  Session server listening on /home/dawn/.local/share/code-server/code-server-ipc.sock
[2026-01-02T12:02:39.082Z] info  code-server 4.106.3 f128a7ac113916c9c29cf8d1361ab4b7f3bd9e75
[2026-01-02T12:02:39.086Z] info  Using user-data-dir /home/dawn/.local/share/code-server
[2026-01-02T12:02:39.094Z] info  Using config file /home/dawn/.config/code-server/config.yaml
[2026-01-02T12:02:39.094Z] info  HTTP server listening on http://127.0.0.1:8080/
[2026-01-02T12:02:39.094Z] info    - Authentication is enabled
[2026-01-02T12:02:39.094Z] info      - Using password from $PASSWORD
[2026-01-02T12:02:39.094Z] info    - Not serving HTTPS
[2026-01-02T12:02:39.094Z] info  Session server listening on /home/dawn/.local/share/code-server/code-server-ipc.sock
[2026-01-02T16:13:48.440Z] info  code-server 4.106.3 f128a7ac113916c9c29cf8d1361ab4b7f3bd9e75
[2026-01-02T16:13:48.445Z] info  Using user-data-dir /home/dawn/.local/share/code-server
[2026-01-02T16:13:48.453Z] info  Using config file /home/dawn/.config/code-server/config.yaml
[2026-01-02T16:13:48.453Z] info  HTTP server listening on http://127.0.0.1:8080/
[2026-01-02T16:13:48.453Z] info    - Authentication is enabled
[2026-01-02T16:13:48.453Z] info      - Using password from $PASSWORD
[2026-01-02T16:13:48.453Z] info    - Not serving HTTPS
[2026-01-02T16:13:48.454Z] info  Session server listening on /home/dawn/.local/share/code-server/code-server-ipc.sock
[2026-01-03T01:29:40.910Z] info  code-server 4.106.3 f128a7ac113916c9c29cf8d1361ab4b7f3bd9e75
[2026-01-03T01:29:40.914Z] info  Using user-data-dir /home/dawn/.local/share/code-server
[2026-01-03T01:29:40.924Z] info  Using config file /home/dawn/.config/code-server/config.yaml
[2026-01-03T01:29:40.924Z] info  HTTP server listening on http://127.0.0.1:8080/
[2026-01-03T01:29:40.924Z] info    - Authentication is enabled
[2026-01-03T01:29:40.924Z] info      - Using password from $PASSWORD
[2026-01-03T01:29:40.924Z] info    - Not serving HTTPS
[2026-01-03T01:29:40.924Z] info  Session server listening on /home/dawn/.local/share/code-server/code-server-ipc.sock
[2026-01-03T01:30:40.237Z] info  code-server 4.106.3 f128a7ac113916c9c29cf8d1361ab4b7f3bd9e75
[2026-01-03T01:30:40.237Z] info  Using user-data-dir /home/dawn/.local/share/code-server
[2026-01-03T01:30:40.245Z] info  Using config file /home/dawn/.config/code-server/config.yaml
[2026-01-03T01:30:40.245Z] info  HTTP server listening on http://127.0.0.1:8080/
[2026-01-03T01:30:40.245Z] info    - Authentication is enabled
[2026-01-03T01:30:40.245Z] info      - Using password from $PASSWORD
[2026-01-03T01:30:40.245Z] info    - Not serving HTTPS
[2026-01-03T01:30:40.245Z] info  Session server listening on /home/dawn/.local/share/code-server/code-server-ipc.sock
[2026-01-03T01:44:22.987Z] info  code-server 4.106.3 f128a7ac113916c9c29cf8d1361ab4b7f3bd9e75
[2026-01-03T01:44:22.988Z] info  Using user-data-dir /home/dawn/.local/share/code-server
[2026-01-03T01:44:22.996Z] info  Using config file /home/dawn/.config/code-server/config.yaml
[2026-01-03T01:44:22.996Z] info  HTTP server listening on http://127.0.0.1:8080/
[2026-01-03T01:44:22.996Z] info    - Authentication is enabled
[2026-01-03T01:44:22.996Z] info      - Using password from $PASSWORD
[2026-01-03T01:44:22.996Z] info    - Not serving HTTPS
[2026-01-03T01:44:22.996Z] info  Session server listening on /home/dawn/.local/share/code-server/code-server-ipc.sock
[2026-01-03T01:46:25.518Z] info  code-server 4.106.3 f128a7ac113916c9c29cf8d1361ab4b7f3bd9e75
[2026-01-03T01:46:25.519Z] info  Using user-data-dir /home/dawn/.local/share/code-server
[2026-01-03T01:46:25.521Z] info  code-server 4.106.3 f128a7ac113916c9c29cf8d1361ab4b7f3bd9e75
[2026-01-03T01:46:25.522Z] info  Using user-data-dir /home/dawn/.local/share/code-server
[2026-01-03T01:46:25.527Z] info  Using config file /home/dawn/.config/code-server/config.yaml
[2026-01-03T01:46:25.527Z] info  HTTP server listening on http://127.0.0.1:8080/
[2026-01-03T01:46:25.527Z] info    - Authentication is enabled
[2026-01-03T01:46:25.527Z] info      - Using password from $PASSWORD
[2026-01-03T01:46:25.527Z] info    - Not serving HTTPS
[2026-01-03T01:46:25.527Z] info  Session server listening on /home/dawn/.local/share/code-server/code-server-ipc.sock
[2026-01-03T02:44:57.535Z] info  code-server 4.106.3 f128a7ac113916c9c29cf8d1361ab4b7f3bd9e75
[2026-01-03T02:44:57.535Z] info  code-server 4.106.3 f128a7ac113916c9c29cf8d1361ab4b7f3bd9e75
[2026-01-03T02:44:57.537Z] info  Using user-data-dir /home/dawn/.local/share/code-server
[2026-01-03T02:44:57.537Z] info  Using user-data-dir /home/dawn/.local/share/code-server
[2026-01-03T02:44:57.545Z] info  Using config file /home/dawn/.config/code-server/config.yaml
[2026-01-03T02:44:57.545Z] info  HTTP server listening on http://127.0.0.1:8080/
[2026-01-03T02:44:57.545Z] info    - Authentication is enabled
[2026-01-03T02:44:57.545Z] info      - Using password from $PASSWORD
[2026-01-03T02:44:57.545Z] info    - Not serving HTTPS
[2026-01-03T02:44:57.545Z] info  Session server listening on /home/dawn/.local/share/code-server/code-server-ipc.sock
[2026-01-03T02:45:26.935Z] info  code-server 4.106.3 f128a7ac113916c9c29cf8d1361ab4b7f3bd9e75
[2026-01-03T02:45:26.936Z] info  Using user-data-dir /home/dawn/.local/share/code-server
[2026-01-03T02:45:56.482Z] info  code-server 4.106.3 f128a7ac113916c9c29cf8d1361ab4b7f3bd9e75
[2026-01-03T02:45:56.482Z] info  Using user-data-dir /home/dawn/.local/share/code-server
[2026-01-03T02:46:25.990Z] info  code-server 4.106.3 f128a7ac113916c9c29cf8d1361ab4b7f3bd9e75
[2026-01-03T02:46:25.990Z] info  Using user-data-dir /home/dawn/.local/share/code-server
[2026-01-03T02:46:55.423Z] info  code-server 4.106.3 f128a7ac113916c9c29cf8d1361ab4b7f3bd9e75
[2026-01-03T02:46:55.424Z] info  Using user-data-dir /home/dawn/.local/share/code-server
[2026-01-03T02:47:24.794Z] info  code-server 4.106.3 f128a7ac113916c9c29cf8d1361ab4b7f3bd9e75
[2026-01-03T02:47:24.794Z] info  Using user-data-dir /home/dawn/.local/share/code-server
[2026-01-03T02:47:54.184Z] info  code-server 4.106.3 f128a7ac113916c9c29cf8d1361ab4b7f3bd9e75
[2026-01-03T02:47:54.184Z] info  Using user-data-dir /home/dawn/.local/share/code-server
[2026-01-03T02:48:23.710Z] info  code-server 4.106.3 f128a7ac113916c9c29cf8d1361ab4b7f3bd9e75
[2026-01-03T02:48:23.710Z] info  Using user-data-dir /home/dawn/.local/share/code-server
[2026-01-03T02:48:53.051Z] info  code-server 4.106.3 f128a7ac113916c9c29cf8d1361ab4b7f3bd9e75
[2026-01-03T02:48:53.052Z] info  Using user-data-dir /home/dawn/.local/share/code-server
[2026-01-03T02:49:22.528Z] info  code-server 4.106.3 f128a7ac113916c9c29cf8d1361ab4b7f3bd9e75
[2026-01-03T02:49:22.528Z] info  Using user-data-dir /home/dawn/.local/share/code-server
[2026-01-03T02:49:51.841Z] info  code-server 4.106.3 f128a7ac113916c9c29cf8d1361ab4b7f3bd9e75
[2026-01-03T02:49:51.841Z] info  Using user-data-dir /home/dawn/.local/share/code-server
[2026-01-03T02:50:21.176Z] info  code-server 4.106.3 f128a7ac113916c9c29cf8d1361ab4b7f3bd9e75
[2026-01-03T02:50:21.177Z] info  Using user-data-dir /home/dawn/.local/share/code-server
[2026-01-03T02:50:51.208Z] info  code-server 4.106.3 f128a7ac113916c9c29cf8d1361ab4b7f3bd9e75
[2026-01-03T02:50:51.209Z] info  Using user-data-dir /home/dawn/.local/share/code-server
[2026-01-03T02:51:20.556Z] info  code-server 4.106.3 f128a7ac113916c9c29cf8d1361ab4b7f3bd9e75
[2026-01-03T02:51:20.557Z] info  Using user-data-dir /home/dawn/.local/share/code-server
[2026-01-03T02:51:49.919Z] info  code-server 4.106.3 f128a7ac113916c9c29cf8d1361ab4b7f3bd9e75
[2026-01-03T02:51:49.919Z] info  Using user-data-dir /home/dawn/.local/share/code-server
[2026-01-03T02:52:19.305Z] info  code-server 4.106.3 f128a7ac113916c9c29cf8d1361ab4b7f3bd9e75
[2026-01-03T02:52:19.306Z] info  Using user-data-dir /home/dawn/.local/share/code-server
[2026-01-03T02:52:48.649Z] info  code-server 4.106.3 f128a7ac113916c9c29cf8d1361ab4b7f3bd9e75
[2026-01-03T02:52:48.649Z] info  Using user-data-dir /home/dawn/.local/share/code-server
[2026-01-03T02:53:18.085Z] info  code-server 4.106.3 f128a7ac113916c9c29cf8d1361ab4b7f3bd9e75
[2026-01-03T02:53:18.086Z] info  Using user-data-dir /home/dawn/.local/share/code-server
[2026-01-03T02:53:47.532Z] info  code-server 4.106.3 f128a7ac113916c9c29cf8d1361ab4b7f3bd9e75
[2026-01-03T02:53:47.532Z] info  Using user-data-dir /home/dawn/.local/share/code-server
[2026-01-03T02:54:16.806Z] info  code-server 4.106.3 f128a7ac113916c9c29cf8d1361ab4b7f3bd9e75
[2026-01-03T02:54:16.807Z] info  Using user-data-dir /home/dawn/.local/share/code-server
[2026-01-03T02:54:46.253Z] info  code-server 4.106.3 f128a7ac113916c9c29cf8d1361ab4b7f3bd9e75
[2026-01-03T02:54:46.253Z] info  Using user-data-dir /home/dawn/.local/share/code-server
